===========================================================
env.log
date: 12 June 2023 20:42:32 CST
ver: Astah System Safety 8.0.0 / 0fc53a
java ver: 1.8.0_332
java vendor: Temurin
os name: Windows 10
os ver: 10.0
look and feel: FlatLaf Light
system scale: 100.00%
===========================================================
----------------------------------------------------------
                   System Properties                      
----------------------------------------------------------

astah.config.dir=C:\Users\Lisbeth Duarte\.astah\systemsafety
astah.config.logdir=C:\Users\Lisbeth Duarte\.astah\systemsafety
astah.edition=astahsystemsafety
astah.plugin.enabled=true
awt.toolkit=sun.awt.windows.WToolkit
build.number=0fc53a
file.encoding=Cp1252
file.encoding.pkg=sun.io
file.separator=\
java.awt.graphicsenv=sun.awt.Win32GraphicsEnvironment
java.awt.printerjob=sun.awt.windows.WPrinterJob
java.class.path=C:\Program Files\astah System Safety\astahsystemsafety.jar
java.class.version=52.0
java.endorsed.dirs=C:\Program Files\astah System Safety\jre\lib\endorsed
java.ext.dirs=C:\Program Files\astah System Safety\jre\lib\ext;C:\Windows\Sun\Java\lib\ext
java.home=C:\Program Files\astah System Safety\jre
java.io.tmpdir=C:\Users\LISBET~1\AppData\Local\Temp\
java.library.path=C:\Program Files\astah System Safety\jre\bin;C:\Windows\Sun\Java\bin;C:\Windows\system32;C:\Windows;C:\Program Files\astah System Safety\jre;C:\Program Files\Google\Chrome\Application;C:\Program Files (x86)\VMware\VMware Player\bin\;C:\Windows\system32;C:\Windows;C:\Windows\System32\Wbem;C:\Windows\System32\WindowsPowerShell\v1.0\;C:\Windows\System32\OpenSSH\;C:\Program Files (x86)\HP\Common\HPDestPlgIn\;C:\Program Files\nodejs\;C:\ProgramData\chocolatey\bin;C:\Users\Lisbeth Duarte\AppData\Local\Microsoft\WindowsApps;C:\Program Files (x86)\HP\Common\HPDestPlgIn\;C:\Users\Lisbeth Duarte\AppData\Roaming\npm;C:\Users\Lisbeth Duarte\AppData\Local\Programs\Microsoft VS Code\bin;C:\Program Files\astah System Safety\jre\bin;.
java.runtime.name=OpenJDK Runtime Environment
java.runtime.version=1.8.0_332-b09
java.specification.name=Java Platform API Specification
java.specification.vendor=Oracle Corporation
java.specification.version=1.8
java.util.Arrays.useLegacyMergeSort=true
java.vendor=Temurin
java.vendor.url=https://adoptium.net/
java.vendor.url.bug=https://github.com/adoptium/adoptium-support/issues
java.version=1.8.0_332
java.vm.info=mixed mode
java.vm.name=OpenJDK 64-Bit Server VM
java.vm.specification.name=Java Virtual Machine Specification
java.vm.specification.vendor=Oracle Corporation
java.vm.specification.version=1.8
java.vm.vendor=Temurin
java.vm.version=25.332-b09
jna.boot.library.path=C:\Program Files\astah System Safety\lib\win32-x86-64
line.separator=

os.arch=amd64
os.name=Windows 10
os.version=10.0
path.separator=;
sun.arch.data.model=64
sun.awt.enableExtraMouseButtons=true
sun.boot.class.path=C:\Program Files\astah System Safety\jre\lib\resources.jar;C:\Program Files\astah System Safety\jre\lib\rt.jar;C:\Program Files\astah System Safety\jre\lib\sunrsasign.jar;C:\Program Files\astah System Safety\jre\lib\jsse.jar;C:\Program Files\astah System Safety\jre\lib\jce.jar;C:\Program Files\astah System Safety\jre\lib\charsets.jar;C:\Program Files\astah System Safety\jre\lib\jfr.jar;C:\Program Files\astah System Safety\jre\classes
sun.boot.library.path=C:\Program Files\astah System Safety\jre\bin
sun.cpu.endian=little
sun.cpu.isalist=amd64
sun.desktop=windows
sun.io.unicode.encoding=UnicodeLittle
sun.java.command=C:\Program Files\astah System Safety\astahsystemsafety.jar
sun.java.launcher=SUN_STANDARD
sun.java2d.d3d=false
sun.jnu.encoding=Cp1252
sun.management.compiler=HotSpot 64-Bit Tiered Compilers
sun.os.patch.level=
user.country=NI
user.dir=C:\Program Files\astah System Safety
user.home=C:\Users\Lisbeth Duarte
user.language=es
user.name=Lisbeth Duarte
user.script=
user.timezone=America/Regina
user.variant=
